#At time x process y state arr w total z remain y wait k
At time 1 process 1 started arr 1 total 6 remain 6 wait 0
At time 3 process 1 stopped arr 1 total 6 remain 4 wait 0
At time 3 process 2 started arr 1 total 1 remain 1 wait 2
At time 4 process 2 finished arr 1 total 1 remain 0 wait 2 TA 3 WTA 2.00 
At time 4 process 1 resumed arr 1 total 6 remain 4 wait 0
At time 6 process 1 stopped arr 1 total 6 remain 2 wait 0
At time 6 process 1 resumed arr 1 total 6 remain 2 wait 0
At time 8 process 1 finished arr 1 total 6 remain 0 wait 0 TA 7 WTA 0.00 
At time 15 process 3 started arr 15 total 5 remain 5 wait 0
At time 17 process 3 stopped arr 15 total 5 remain 3 wait 0
At time 17 process 4 started arr 15 total 2 remain 2 wait 2
At time 19 process 4 finished arr 15 total 2 remain 0 wait 2 TA 4 WTA 1.00 
At time 19 process 3 resumed arr 15 total 5 remain 3 wait 0
At time 21 process 3 stopped arr 15 total 5 remain 1 wait 0
At time 21 process 3 resumed arr 15 total 5 remain 1 wait 0
At time 22 process 3 finished arr 15 total 5 remain 0 wait 0 TA 7 WTA 0.00 
At time 24 process 5 started arr 24 total 5 remain 5 wait 0
At time 26 process 5 stopped arr 24 total 5 remain 3 wait 0
At time 26 process 5 resumed arr 24 total 5 remain 3 wait 0
At time 28 process 5 stopped arr 24 total 5 remain 1 wait 0
At time 28 process 6 started arr 27 total 7 remain 7 wait 1
At time 30 process 6 stopped arr 27 total 7 remain 5 wait 1
At time 30 process 7 started arr 28 total 5 remain 5 wait 2
At time 32 process 7 stopped arr 28 total 5 remain 3 wait 2
At time 32 process 5 resumed arr 24 total 5 remain 1 wait 0
At time 33 process 5 finished arr 24 total 5 remain 0 wait 0 TA 9 WTA 0.00 
At time 33 process 6 resumed arr 27 total 7 remain 5 wait 1
At time 35 process 6 stopped arr 27 total 7 remain 3 wait 1
At time 35 process 7 resumed arr 28 total 5 remain 3 wait 2
At time 37 process 7 stopped arr 28 total 5 remain 1 wait 2
At time 37 process 6 resumed arr 27 total 7 remain 3 wait 1
At time 39 process 6 stopped arr 27 total 7 remain 1 wait 1
At time 39 process 7 resumed arr 28 total 5 remain 1 wait 2
At time 40 process 7 finished arr 28 total 5 remain 0 wait 2 TA 12 WTA 0.40 
At time 40 process 6 resumed arr 27 total 7 remain 1 wait 1
At time 41 process 6 finished arr 27 total 7 remain 0 wait 1 TA 14 WTA 0.14 
