#At time x process y state arr w total z remain y wait k
At time 1 process 1 started arr 1 total 12 remain 12 wait 0
At time 4 process 1 stopped arr 1 total 12 remain 9 wait 0
At time 4 process 2 started arr 2 total 8 remain 8 wait 2
At time 7 process 2 stopped arr 2 total 8 remain 5 wait 2
At time 7 process 1 resumed arr 1 total 12 remain 9 wait 0
At time 10 process 1 stopped arr 1 total 12 remain 6 wait 0
At time 10 process 2 resumed arr 2 total 8 remain 5 wait 2
At time 13 process 2 stopped arr 2 total 8 remain 2 wait 2
At time 13 process 1 resumed arr 1 total 12 remain 6 wait 0
At time 16 process 1 stopped arr 1 total 12 remain 3 wait 0
At time 16 process 3 started arr 12 total 9 remain 9 wait 4
At time 19 process 3 stopped arr 12 total 9 remain 6 wait 4
At time 19 process 2 resumed arr 2 total 8 remain 2 wait 2
At time 21 process 2 finished arr 2 total 8 remain 0 wait 2 TA 19 WTA 0.25 
At time 21 process 4 started arr 15 total 5 remain 5 wait 6
At time 24 process 4 stopped arr 15 total 5 remain 2 wait 6
At time 24 process 1 resumed arr 1 total 12 remain 3 wait 0
At time 27 process 1 finished arr 1 total 12 remain 0 wait 0 TA 26 WTA 0.00 
At time 27 process 5 started arr 18 total 8 remain 8 wait 9
At time 30 process 5 stopped arr 18 total 8 remain 5 wait 9
At time 30 process 3 resumed arr 12 total 9 remain 6 wait 4
At time 33 process 3 stopped arr 12 total 9 remain 3 wait 4
At time 33 process 6 started arr 22 total 10 remain 10 wait 11
At time 36 process 6 stopped arr 22 total 10 remain 7 wait 11
At time 36 process 4 resumed arr 15 total 5 remain 2 wait 6
At time 38 process 4 finished arr 15 total 5 remain 0 wait 6 TA 23 WTA 1.20 
At time 38 process 7 started arr 25 total 6 remain 6 wait 13
At time 41 process 7 stopped arr 25 total 6 remain 3 wait 13
At time 41 process 8 started arr 26 total 3 remain 3 wait 15
At time 44 process 8 finished arr 26 total 3 remain 0 wait 15 TA 18 WTA 5.00 
At time 44 process 5 resumed arr 18 total 8 remain 5 wait 9
At time 47 process 5 stopped arr 18 total 8 remain 2 wait 9
At time 47 process 3 resumed arr 12 total 9 remain 3 wait 4
At time 50 process 3 finished arr 12 total 9 remain 0 wait 4 TA 38 WTA 0.44 
At time 50 process 6 resumed arr 22 total 10 remain 7 wait 11
At time 53 process 6 stopped arr 22 total 10 remain 4 wait 11
At time 53 process 7 resumed arr 25 total 6 remain 3 wait 13
At time 56 process 7 finished arr 25 total 6 remain 0 wait 13 TA 31 WTA 2.17 
At time 56 process 5 resumed arr 18 total 8 remain 2 wait 9
At time 58 process 5 finished arr 18 total 8 remain 0 wait 9 TA 40 WTA 1.13 
At time 58 process 6 resumed arr 22 total 10 remain 4 wait 11
At time 61 process 6 stopped arr 22 total 10 remain 1 wait 11
At time 61 process 6 resumed arr 22 total 10 remain 1 wait 11
At time 62 process 6 finished arr 22 total 10 remain 0 wait 11 TA 40 WTA 1.10 
