#At time x process y state arr w total z remain y wait k
At time 1 process 1 started arr 1 total 12 remain 12 wait 0
At time 4 process 1 stopped arr 1 total 12 remain 9 wait 0
At time 4 process 2 started arr 1 total 8 remain 8 wait 3
At time 7 process 2 stopped arr 1 total 8 remain 5 wait 3
At time 7 process 3 started arr 1 total 9 remain 9 wait 6
At time 10 process 3 stopped arr 1 total 9 remain 6 wait 6
At time 10 process 4 started arr 1 total 5 remain 5 wait 9
At time 13 process 4 stopped arr 1 total 5 remain 2 wait 9
At time 13 process 5 started arr 1 total 8 remain 8 wait 12
At time 16 process 5 stopped arr 1 total 8 remain 5 wait 12
At time 16 process 6 started arr 1 total 10 remain 10 wait 15
At time 19 process 6 stopped arr 1 total 10 remain 7 wait 15
At time 19 process 7 started arr 1 total 6 remain 6 wait 18
At time 22 process 7 stopped arr 1 total 6 remain 3 wait 18
At time 22 process 8 started arr 1 total 3 remain 3 wait 21
At time 25 process 8 finished arr 1 total 3 remain 0 wait 21 TA 24 WTA 7.00 
At time 25 process 1 resumed arr 1 total 12 remain 9 wait 0
At time 28 process 1 stopped arr 1 total 12 remain 6 wait 0
At time 28 process 2 resumed arr 1 total 8 remain 5 wait 3
At time 31 process 2 stopped arr 1 total 8 remain 2 wait 3
At time 31 process 3 resumed arr 1 total 9 remain 6 wait 6
At time 34 process 3 stopped arr 1 total 9 remain 3 wait 6
At time 34 process 4 resumed arr 1 total 5 remain 2 wait 9
At time 36 process 4 finished arr 1 total 5 remain 0 wait 9 TA 35 WTA 1.80 
At time 36 process 5 resumed arr 1 total 8 remain 5 wait 12
At time 39 process 5 stopped arr 1 total 8 remain 2 wait 12
At time 39 process 6 resumed arr 1 total 10 remain 7 wait 15
At time 42 process 6 stopped arr 1 total 10 remain 4 wait 15
At time 42 process 7 resumed arr 1 total 6 remain 3 wait 18
At time 45 process 7 finished arr 1 total 6 remain 0 wait 18 TA 44 WTA 3.00 
At time 45 process 1 resumed arr 1 total 12 remain 6 wait 0
At time 48 process 1 stopped arr 1 total 12 remain 3 wait 0
At time 48 process 2 resumed arr 1 total 8 remain 2 wait 3
At time 50 process 2 finished arr 1 total 8 remain 0 wait 3 TA 49 WTA 0.38 
At time 50 process 3 resumed arr 1 total 9 remain 3 wait 6
At time 53 process 3 finished arr 1 total 9 remain 0 wait 6 TA 52 WTA 0.67 
At time 53 process 5 resumed arr 1 total 8 remain 2 wait 12
At time 55 process 5 finished arr 1 total 8 remain 0 wait 12 TA 54 WTA 1.50 
At time 55 process 6 resumed arr 1 total 10 remain 4 wait 15
At time 58 process 6 stopped arr 1 total 10 remain 1 wait 15
At time 58 process 1 resumed arr 1 total 12 remain 3 wait 0
At time 61 process 1 finished arr 1 total 12 remain 0 wait 0 TA 60 WTA 0.00 
At time 61 process 6 resumed arr 1 total 10 remain 1 wait 15
At time 62 process 6 finished arr 1 total 10 remain 0 wait 15 TA 61 WTA 1.50 
